<?xml version="1.0" encoding="UTF-8"?>
<testsuite name="StackTest" tests="2" skipped="0" failures="0" errors="0" timestamp="2021-01-26T06:34:40" hostname="SIMON" time="0.001">
  <properties/>
  <testcase name="checkEmpty" classname="StackTest" time="0.001"/>
  <testcase name="isEmpty" classname="StackTest" time="0.0"/>
  <system-out><![CDATA[]]></system-out>
  <system-err><![CDATA[]]></system-err>
</testsuite>
